[debug] [2022-10-20T18:49:31.409Z] ----------------------------------------------------------------------
[debug] [2022-10-20T18:49:31.410Z] Command:       /usr/local/bin/node /usr/local/bin/firebase emulators:start
[debug] [2022-10-20T18:49:31.410Z] CLI Version:   11.15.0
[debug] [2022-10-20T18:49:31.410Z] Platform:      darwin
[debug] [2022-10-20T18:49:31.410Z] Node Version:  v16.17.1
[debug] [2022-10-20T18:49:31.411Z] Time:          Thu Oct 20 2022 14:49:31 GMT-0400 (Eastern Daylight Time)
[debug] [2022-10-20T18:49:31.411Z] ----------------------------------------------------------------------
[debug] 
[debug] [2022-10-20T18:49:31.440Z] > command requires scopes: ["email","openid","https://www.googleapis.com/auth/cloudplatformprojects.readonly","https://www.googleapis.com/auth/firebase","https://www.googleapis.com/auth/cloud-platform"]
[debug] [2022-10-20T18:49:31.441Z] > authorizing via signed-in user (corwinhiatt2772@gmail.com)
[info] i  emulators: Starting emulators: functions, hosting {"metadata":{"emulator":{"name":"hub"},"message":"Starting emulators: functions, hosting"}}
[debug] [2022-10-20T18:49:31.606Z] [logging] Logging Emulator only supports listening on one address (127.0.0.1). Not listening on ::1
[warn] ⚠  hosting: Hosting Emulator unable to start on port 5000, starting on 5002 instead. {"metadata":{"emulator":{"name":"hosting"},"message":"Hosting Emulator unable to start on port 5000, starting on 5002 instead."}}
[debug] [2022-10-20T18:49:31.606Z] [hosting] Hosting Emulator only supports listening on one address (127.0.0.1). Not listening on ::1
[debug] [2022-10-20T18:49:31.606Z] assigned listening specs for emulators {"user":{"hub":[{"address":"127.0.0.1","family":"IPv4","port":4400},{"address":"::1","family":"IPv6","port":4400}],"ui":[{"address":"127.0.0.1","family":"IPv4","port":4000},{"address":"::1","family":"IPv6","port":4000}],"logging":[{"address":"127.0.0.1","family":"IPv4","port":4500}],"hosting":[{"address":"127.0.0.1","family":"IPv4","port":5002}]},"metadata":{"message":"assigned listening specs for emulators"}}
[debug] [2022-10-20T18:49:31.609Z] [hub] writing locator at /var/folders/sq/g4p573_s2mngllp5yfmx8nzr0000gn/T/hub-mongodb-deploy1.json
[debug] [2022-10-20T18:49:31.685Z] [functions] Functions Emulator only supports listening on one address (127.0.0.1). Not listening on ::1
[debug] [2022-10-20T18:49:31.685Z] [eventarc] Eventarc Emulator only supports listening on one address (127.0.0.1). Not listening on ::1
[debug] [2022-10-20T18:49:31.685Z] late-assigned ports for functions and eventarc emulators {"user":{"hub":[{"address":"127.0.0.1","family":"IPv4","port":4400},{"address":"::1","family":"IPv6","port":4400}],"ui":[{"address":"127.0.0.1","family":"IPv4","port":4000},{"address":"::1","family":"IPv6","port":4000}],"logging":[{"address":"127.0.0.1","family":"IPv4","port":4500}],"hosting":[{"address":"127.0.0.1","family":"IPv4","port":5002}],"functions":[{"address":"127.0.0.1","family":"IPv4","port":5001}],"eventarc":[{"address":"127.0.0.1","family":"IPv4","port":9299}]},"metadata":{"message":"late-assigned ports for functions and eventarc emulators"}}
[warn] ⚠  functions: The following emulators are not running, calls to these services from the Functions emulator will affect production: auth, firestore, database, pubsub, storage {"metadata":{"emulator":{"name":"functions"},"message":"The following emulators are not running, calls to these services from the Functions emulator will affect production: \u001b[1mauth, firestore, database, pubsub, storage\u001b[22m"}}
[info] ✔  functions: Using node@16 from host. {"metadata":{"emulator":{"name":"functions"},"message":"Using node@16 from host."}}
[debug] [2022-10-20T18:49:31.689Z] defaultcredentials: writing to file /Users/corwinhiatt/.config/firebase/corwinhiatt2772_gmail_com_application_default_credentials.json
[debug] [2022-10-20T18:49:31.693Z] Setting GAC to /Users/corwinhiatt/.config/firebase/corwinhiatt2772_gmail_com_application_default_credentials.json {"metadata":{"emulator":{"name":"functions"},"message":"Setting GAC to /Users/corwinhiatt/.config/firebase/corwinhiatt2772_gmail_com_application_default_credentials.json"}}
[debug] [2022-10-20T18:49:31.694Z] >>> [apiv2][query] GET https://firebase.googleapis.com/v1beta1/projects/mongodb-deploy1/adminSdkConfig [none]
[debug] [2022-10-20T18:49:32.051Z] <<< [apiv2][status] GET https://firebase.googleapis.com/v1beta1/projects/mongodb-deploy1/adminSdkConfig 200
[debug] [2022-10-20T18:49:32.051Z] <<< [apiv2][body] GET https://firebase.googleapis.com/v1beta1/projects/mongodb-deploy1/adminSdkConfig {"projectId":"mongodb-deploy1","storageBucket":"mongodb-deploy1.appspot.com"}
[debug] [2022-10-20T18:49:32.081Z] >>> [apiv2][query] GET https://firebasehosting.googleapis.com/v1beta1/projects/mongodb-deploy1/sites 
[debug] [2022-10-20T18:49:32.838Z] <<< [apiv2][status] GET https://firebasehosting.googleapis.com/v1beta1/projects/mongodb-deploy1/sites 200
[debug] [2022-10-20T18:49:32.839Z] <<< [apiv2][body] GET https://firebasehosting.googleapis.com/v1beta1/projects/mongodb-deploy1/sites {"sites":[{"name":"projects/mongodb-deploy1/sites/mongodb-deploy1","defaultUrl":"https://mongodb-deploy1.web.app","type":"DEFAULT_SITE"}]}
[debug] [2022-10-20T18:49:32.839Z] >>> [apiv2][query] GET https://firebase.googleapis.com/v1beta1/projects/mongodb-deploy1/webApps/-/config [none]
[debug] [2022-10-20T18:49:33.324Z] <<< [apiv2][status] GET https://firebase.googleapis.com/v1beta1/projects/mongodb-deploy1/webApps/-/config 200
[debug] [2022-10-20T18:49:33.324Z] <<< [apiv2][body] GET https://firebase.googleapis.com/v1beta1/projects/mongodb-deploy1/webApps/-/config {"projectId":"mongodb-deploy1","storageBucket":"mongodb-deploy1.appspot.com","apiKey":"AIzaSyB7VwlfYA8x9lXlcSWurPGTPEU4E2YLMHQ","authDomain":"mongodb-deploy1.firebaseapp.com","messagingSenderId":"714324263259"}
[debug] [2022-10-20T18:49:33.347Z] >>> [apiv2][query] GET https://firebase.googleapis.com/v1beta1/projects/mongodb-deploy1 [none]
[debug] [2022-10-20T18:49:33.741Z] <<< [apiv2][status] GET https://firebase.googleapis.com/v1beta1/projects/mongodb-deploy1 200
[debug] [2022-10-20T18:49:33.741Z] <<< [apiv2][body] GET https://firebase.googleapis.com/v1beta1/projects/mongodb-deploy1 {"projectId":"mongodb-deploy1","projectNumber":"714324263259","displayName":"mongodb-deploy1","name":"projects/mongodb-deploy1","resources":{"hostingSite":"mongodb-deploy1"},"state":"ACTIVE","etag":"1_8dc5cca7-6d5d-4a4b-986d-321df3baeda2"}
[info] i  hosting[mongodb-deploy1]: Serving hosting files from: public {"metadata":{"emulator":{"name":"hosting"},"message":"Serving hosting files from: \u001b[1mpublic\u001b[22m"}}
[info] ✔  hosting[mongodb-deploy1]: Local server: http://127.0.0.1:5002 {"metadata":{"emulator":{"name":"hosting"},"message":"Local server: \u001b[4m\u001b[1mhttp://127.0.0.1:5002\u001b[22m\u001b[24m"}}
[debug] [2022-10-20T18:49:33.799Z] Ignoring unsupported arg: auto_download {"metadata":{"emulator":{"name":"ui"},"message":"Ignoring unsupported arg: auto_download"}}
[debug] [2022-10-20T18:49:33.799Z] Ignoring unsupported arg: port {"metadata":{"emulator":{"name":"ui"},"message":"Ignoring unsupported arg: port"}}
[debug] [2022-10-20T18:49:33.799Z] Starting Emulator UI with command {"binary":"node","args":["/Users/corwinhiatt/.cache/firebase/emulators/ui-v1.11.1/server/server.js"],"optionalArgs":[],"joinArgs":false} {"metadata":{"emulator":{"name":"ui"},"message":"Starting Emulator UI with command {\"binary\":\"node\",\"args\":[\"/Users/corwinhiatt/.cache/firebase/emulators/ui-v1.11.1/server/server.js\"],\"optionalArgs\":[],\"joinArgs\":false}"}}
[info] i  ui: Emulator UI logging to ui-debug.log {"metadata":{"emulator":{"name":"ui"},"message":"Emulator UI logging to \u001b[1mui-debug.log\u001b[22m"}}
[debug] [2022-10-20T18:49:33.863Z] Web / API server started at 127.0.0.1:4000
 {"metadata":{"emulator":{"name":"ui"},"message":"Web / API server started at 127.0.0.1:4000\n"}}
[debug] [2022-10-20T18:49:33.864Z] Web / API server started at ::1:4000
 {"metadata":{"emulator":{"name":"ui"},"message":"Web / API server started at ::1:4000\n"}}
[info] i  functions: Watching "/Users/corwinhiatt/bocacode/express/mongodb-deploy/functions" for Cloud Functions... {"metadata":{"emulator":{"name":"functions"},"message":"Watching \"/Users/corwinhiatt/bocacode/express/mongodb-deploy/functions\" for Cloud Functions..."}}
[debug] [2022-10-20T18:49:34.071Z] Validating nodejs source
[warn] ⚠  functions: package.json indicates an outdated version of firebase-functions. Please upgrade using npm install --save firebase-functions@latest in your functions directory. 
[warn] ⚠  functions: Please note that there will be breaking changes when you upgrade. 
[debug] [2022-10-20T18:49:34.956Z] > [functions] package.json contents: {
  "name": "functions",
  "description": "Cloud Functions for Firebase",
  "scripts": {
    "serve": "firebase emulators:start --only functions",
    "shell": "firebase functions:shell",
    "start": "npm run shell",
    "deploy": "firebase deploy",
    "logs": "firebase functions:log",
    "emulators": "firebase emulators"
  },
  "engines": {
    "node": "16"
  },
  "main": "index.js",
  "dependencies": {
    "cors": "^2.8.5",
    "express": "^4.18.2",
    "firebase-admin": "^10.0.2",
    "firebase-functions": "^3.18.0",
    "mongodb": "^4.11.0"
  },
  "devDependencies": {
    "firebase-functions-test": "^0.2.0"
  },
  "private": true
}
[debug] [2022-10-20T18:49:34.956Z] Building nodejs source
[debug] [2022-10-20T18:49:34.956Z] Analyzing nodejs backend spec
[debug] [2022-10-20T18:49:34.958Z] Could not find functions.yaml. Must use http discovery
[debug] [2022-10-20T18:49:35.058Z] Serving at port 9005

[debug] [2022-10-20T18:49:35.063Z] Got response from /__/functions.yaml Failed to generate manifest from function source: SyntaxError: Cannot use import statement outside a module
[debug] [2022-10-20T18:49:35.065Z] Failed to parse functions.yamlincomplete explicit mapping pair; a key node is missed; or followed by a non-tabulated empty line at line 1, column 62:
     ... rom function source: SyntaxError: Cannot use import statement ou ... 
                                         ^ {"name":"YAMLException","reason":"incomplete explicit mapping pair; a key node is missed; or followed by a non-tabulated empty line","mark":{"name":null,"buffer":"Failed to generate manifest from function source: SyntaxError: Cannot use import statement outside a module\n\u0000","position":61,"line":0,"column":61},"message":"incomplete explicit mapping pair; a key node is missed; or followed by a non-tabulated empty line at line 1, column 62:\n     ... rom function source: SyntaxError: Cannot use import statement ou ... \n                                         ^"}
[debug] [2022-10-20T18:49:35.066Z] shutdown requested via /__/quitquitquit

[error] ⬢  functions: Failed to load function definition from source: FirebaseError: Failed to load function definition from source: Failed to generate manifest from function source: SyntaxError: Cannot use import statement outside a module {"metadata":{"emulator":{"name":"functions"},"message":"Failed to load function definition from source: FirebaseError: Failed to load function definition from source: Failed to generate manifest from function source: SyntaxError: Cannot use import statement outside a module"}}
[info] 
┌─────────────────────────────────────────────────────────────┐
│ ✔  All emulators ready! It is now safe to connect your app. │
│ i  View Emulator UI at http://127.0.0.1:4000/               │
└─────────────────────────────────────────────────────────────┘

┌───────────┬────────────────┬─────────────────────────────────┐
│ Emulator  │ Host:Port      │ View in Emulator UI             │
├───────────┼────────────────┼─────────────────────────────────┤
│ Functions │ 127.0.0.1:5001 │ http://127.0.0.1:4000/functions │
├───────────┼────────────────┼─────────────────────────────────┤
│ Hosting   │ 127.0.0.1:5002 │ n/a                             │
└───────────┴────────────────┴─────────────────────────────────┘
  Emulator Hub running at 127.0.0.1:4400
  Other reserved ports: 4500

Issues? Report them at https://github.com/firebase/firebase-tools/issues and attach the *-debug.log files.
 
[info] [hosting] Rewriting /furniture to http://127.0.0.1:5001/mongodb-deploy1/us-central1/api for local Function us-central1/api
[debug] [2022-10-20T18:49:42.277Z] >>> [apiv2][query] GET http://127.0.0.1:5001/mongodb-deploy1/us-central1/api/furniture 
[debug] [2022-10-20T18:49:42.284Z] [work-queue] {"queueLength":1,"workRunningCount":0}
[debug] [2022-10-20T18:49:42.284Z] [work-queue] {"queueLength":0,"workRunningCount":1}
[debug] [2022-10-20T18:49:42.288Z] [work-queue] {"queueLength":0,"workRunningCount":0}
[debug] [2022-10-20T18:49:42.290Z] <<< [apiv2][status] GET http://127.0.0.1:5001/mongodb-deploy1/us-central1/api/furniture 404
[debug] [2022-10-20T18:49:42.290Z] <<< [apiv2][body] GET http://127.0.0.1:5001/mongodb-deploy1/us-central1/api/furniture [stream]
[info] i  hosting: 127.0.0.1 - - [20/Oct/2022:18:49:42 +0000] "GET /furniture HTTP/1.1" 404 62 "-" "Mozilla/5.0 (Macintosh; Intel Mac OS X 10_15_7) AppleWebKit/537.36 (KHTML, like Gecko) Chrome/106.0.0.0 Safari/537.36" {"metadata":{"emulator":{"name":"hosting"},"message":"127.0.0.1 - - [20/Oct/2022:18:49:42 +0000] \"GET /furniture HTTP/1.1\" 404 62 \"-\" \"Mozilla/5.0 (Macintosh; Intel Mac OS X 10_15_7) AppleWebKit/537.36 (KHTML, like Gecko) Chrome/106.0.0.0 Safari/537.36\""}}
[debug] [2022-10-20T18:50:12.221Z] File /Users/corwinhiatt/bocacode/express/mongodb-deploy/functions/index.js changed, reloading triggers {"metadata":{"emulator":{"name":"functions"},"message":"File /Users/corwinhiatt/bocacode/express/mongodb-deploy/functions/index.js changed, reloading triggers"}}
[debug] [2022-10-20T18:50:13.224Z] Validating nodejs source
[warn] ⚠  functions: package.json indicates an outdated version of firebase-functions. Please upgrade using npm install --save firebase-functions@latest in your functions directory. 
[warn] ⚠  functions: Please note that there will be breaking changes when you upgrade. 
[debug] [2022-10-20T18:50:14.007Z] > [functions] package.json contents: {
  "name": "functions",
  "description": "Cloud Functions for Firebase",
  "scripts": {
    "serve": "firebase emulators:start --only functions",
    "shell": "firebase functions:shell",
    "start": "npm run shell",
    "deploy": "firebase deploy",
    "logs": "firebase functions:log",
    "emulators": "firebase emulators"
  },
  "engines": {
    "node": "16"
  },
  "main": "index.js",
  "dependencies": {
    "cors": "^2.8.5",
    "express": "^4.18.2",
    "firebase-admin": "^10.0.2",
    "firebase-functions": "^3.18.0",
    "mongodb": "^4.11.0"
  },
  "devDependencies": {
    "firebase-functions-test": "^0.2.0"
  },
  "private": true
}
[debug] [2022-10-20T18:50:14.007Z] Building nodejs source
[debug] [2022-10-20T18:50:14.007Z] Analyzing nodejs backend spec
[debug] [2022-10-20T18:50:14.009Z] Could not find functions.yaml. Must use http discovery
[debug] [2022-10-20T18:50:14.096Z] Serving at port 9005

[debug] [2022-10-20T18:50:14.102Z] Got response from /__/functions.yaml Failed to generate manifest from function source: SyntaxError: Cannot use import statement outside a module
[debug] [2022-10-20T18:50:14.102Z] Failed to parse functions.yamlincomplete explicit mapping pair; a key node is missed; or followed by a non-tabulated empty line at line 1, column 62:
     ... rom function source: SyntaxError: Cannot use import statement ou ... 
                                         ^ {"name":"YAMLException","reason":"incomplete explicit mapping pair; a key node is missed; or followed by a non-tabulated empty line","mark":{"name":null,"buffer":"Failed to generate manifest from function source: SyntaxError: Cannot use import statement outside a module\n\u0000","position":61,"line":0,"column":61},"message":"incomplete explicit mapping pair; a key node is missed; or followed by a non-tabulated empty line at line 1, column 62:\n     ... rom function source: SyntaxError: Cannot use import statement ou ... \n                                         ^"}
[debug] [2022-10-20T18:50:14.103Z] shutdown requested via /__/quitquitquit

[error] ⬢  functions: Failed to load function definition from source: FirebaseError: Failed to load function definition from source: Failed to generate manifest from function source: SyntaxError: Cannot use import statement outside a module {"metadata":{"emulator":{"name":"functions"},"message":"Failed to load function definition from source: FirebaseError: Failed to load function definition from source: Failed to generate manifest from function source: SyntaxError: Cannot use import statement outside a module"}}
[debug] [2022-10-20T18:50:42.541Z] File /Users/corwinhiatt/bocacode/express/mongodb-deploy/functions/src/furniture.js changed, reloading triggers {"metadata":{"emulator":{"name":"functions"},"message":"File /Users/corwinhiatt/bocacode/express/mongodb-deploy/functions/src/furniture.js changed, reloading triggers"}}
[debug] [2022-10-20T18:50:43.545Z] Validating nodejs source
[warn] ⚠  functions: package.json indicates an outdated version of firebase-functions. Please upgrade using npm install --save firebase-functions@latest in your functions directory. 
[warn] ⚠  functions: Please note that there will be breaking changes when you upgrade. 
[debug] [2022-10-20T18:50:44.265Z] > [functions] package.json contents: {
  "name": "functions",
  "description": "Cloud Functions for Firebase",
  "scripts": {
    "serve": "firebase emulators:start --only functions",
    "shell": "firebase functions:shell",
    "start": "npm run shell",
    "deploy": "firebase deploy",
    "logs": "firebase functions:log",
    "emulators": "firebase emulators"
  },
  "engines": {
    "node": "16"
  },
  "main": "index.js",
  "dependencies": {
    "cors": "^2.8.5",
    "express": "^4.18.2",
    "firebase-admin": "^10.0.2",
    "firebase-functions": "^3.18.0",
    "mongodb": "^4.11.0"
  },
  "devDependencies": {
    "firebase-functions-test": "^0.2.0"
  },
  "private": true
}
[debug] [2022-10-20T18:50:44.265Z] Building nodejs source
[debug] [2022-10-20T18:50:44.265Z] Analyzing nodejs backend spec
[debug] [2022-10-20T18:50:44.266Z] Could not find functions.yaml. Must use http discovery
[debug] [2022-10-20T18:50:44.358Z] Serving at port 9005

[debug] [2022-10-20T18:50:44.364Z] Got response from /__/functions.yaml Failed to generate manifest from function source: SyntaxError: Cannot use import statement outside a module
[debug] [2022-10-20T18:50:44.364Z] Failed to parse functions.yamlincomplete explicit mapping pair; a key node is missed; or followed by a non-tabulated empty line at line 1, column 62:
     ... rom function source: SyntaxError: Cannot use import statement ou ... 
                                         ^ {"name":"YAMLException","reason":"incomplete explicit mapping pair; a key node is missed; or followed by a non-tabulated empty line","mark":{"name":null,"buffer":"Failed to generate manifest from function source: SyntaxError: Cannot use import statement outside a module\n\u0000","position":61,"line":0,"column":61},"message":"incomplete explicit mapping pair; a key node is missed; or followed by a non-tabulated empty line at line 1, column 62:\n     ... rom function source: SyntaxError: Cannot use import statement ou ... \n                                         ^"}
[debug] [2022-10-20T18:50:44.365Z] shutdown requested via /__/quitquitquit

[error] ⬢  functions: Failed to load function definition from source: FirebaseError: Failed to load function definition from source: Failed to generate manifest from function source: SyntaxError: Cannot use import statement outside a module {"metadata":{"emulator":{"name":"functions"},"message":"Failed to load function definition from source: FirebaseError: Failed to load function definition from source: Failed to generate manifest from function source: SyntaxError: Cannot use import statement outside a module"}}
[debug] [2022-10-20T18:50:50.618Z] File /Users/corwinhiatt/bocacode/express/mongodb-deploy/functions/index.js changed, reloading triggers {"metadata":{"emulator":{"name":"functions"},"message":"File /Users/corwinhiatt/bocacode/express/mongodb-deploy/functions/index.js changed, reloading triggers"}}
[debug] [2022-10-20T18:50:51.622Z] Validating nodejs source
[warn] ⚠  functions: package.json indicates an outdated version of firebase-functions. Please upgrade using npm install --save firebase-functions@latest in your functions directory. 
[warn] ⚠  functions: Please note that there will be breaking changes when you upgrade. 
[debug] [2022-10-20T18:50:52.201Z] > [functions] package.json contents: {
  "name": "functions",
  "description": "Cloud Functions for Firebase",
  "scripts": {
    "serve": "firebase emulators:start --only functions",
    "shell": "firebase functions:shell",
    "start": "npm run shell",
    "deploy": "firebase deploy",
    "logs": "firebase functions:log",
    "emulators": "firebase emulators"
  },
  "engines": {
    "node": "16"
  },
  "main": "index.js",
  "dependencies": {
    "cors": "^2.8.5",
    "express": "^4.18.2",
    "firebase-admin": "^10.0.2",
    "firebase-functions": "^3.18.0",
    "mongodb": "^4.11.0"
  },
  "devDependencies": {
    "firebase-functions-test": "^0.2.0"
  },
  "private": true
}
[debug] [2022-10-20T18:50:52.201Z] Building nodejs source
[debug] [2022-10-20T18:50:52.201Z] Analyzing nodejs backend spec
[debug] [2022-10-20T18:50:52.202Z] Could not find functions.yaml. Must use http discovery
[debug] [2022-10-20T18:50:52.286Z] Serving at port 9005

[debug] [2022-10-20T18:50:52.292Z] Got response from /__/functions.yaml Failed to generate manifest from function source: SyntaxError: Cannot use import statement outside a module
[debug] [2022-10-20T18:50:52.292Z] Failed to parse functions.yamlincomplete explicit mapping pair; a key node is missed; or followed by a non-tabulated empty line at line 1, column 62:
     ... rom function source: SyntaxError: Cannot use import statement ou ... 
                                         ^ {"name":"YAMLException","reason":"incomplete explicit mapping pair; a key node is missed; or followed by a non-tabulated empty line","mark":{"name":null,"buffer":"Failed to generate manifest from function source: SyntaxError: Cannot use import statement outside a module\n\u0000","position":61,"line":0,"column":61},"message":"incomplete explicit mapping pair; a key node is missed; or followed by a non-tabulated empty line at line 1, column 62:\n     ... rom function source: SyntaxError: Cannot use import statement ou ... \n                                         ^"}
[debug] [2022-10-20T18:50:52.293Z] shutdown requested via /__/quitquitquit

[error] ⬢  functions: Failed to load function definition from source: FirebaseError: Failed to load function definition from source: Failed to generate manifest from function source: SyntaxError: Cannot use import statement outside a module {"metadata":{"emulator":{"name":"functions"},"message":"Failed to load function definition from source: FirebaseError: Failed to load function definition from source: Failed to generate manifest from function source: SyntaxError: Cannot use import statement outside a module"}}
[debug] [2022-10-20T18:51:33.211Z] File /Users/corwinhiatt/bocacode/express/mongodb-deploy/functions/src/dbConnect.js changed, reloading triggers {"metadata":{"emulator":{"name":"functions"},"message":"File /Users/corwinhiatt/bocacode/express/mongodb-deploy/functions/src/dbConnect.js changed, reloading triggers"}}
[debug] [2022-10-20T18:51:34.214Z] Validating nodejs source
[warn] ⚠  functions: package.json indicates an outdated version of firebase-functions. Please upgrade using npm install --save firebase-functions@latest in your functions directory. 
[warn] ⚠  functions: Please note that there will be breaking changes when you upgrade. 
[debug] [2022-10-20T18:51:34.854Z] > [functions] package.json contents: {
  "name": "functions",
  "description": "Cloud Functions for Firebase",
  "scripts": {
    "serve": "firebase emulators:start --only functions",
    "shell": "firebase functions:shell",
    "start": "npm run shell",
    "deploy": "firebase deploy",
    "logs": "firebase functions:log",
    "emulators": "firebase emulators"
  },
  "engines": {
    "node": "16"
  },
  "main": "index.js",
  "dependencies": {
    "cors": "^2.8.5",
    "express": "^4.18.2",
    "firebase-admin": "^10.0.2",
    "firebase-functions": "^3.18.0",
    "mongodb": "^4.11.0"
  },
  "devDependencies": {
    "firebase-functions-test": "^0.2.0"
  },
  "private": true
}
[debug] [2022-10-20T18:51:34.855Z] Building nodejs source
[debug] [2022-10-20T18:51:34.855Z] Analyzing nodejs backend spec
[debug] [2022-10-20T18:51:34.855Z] Could not find functions.yaml. Must use http discovery
[debug] [2022-10-20T18:51:34.944Z] Serving at port 9005

[debug] [2022-10-20T18:51:34.949Z] Got response from /__/functions.yaml Failed to generate manifest from function source: SyntaxError: Cannot use import statement outside a module
[debug] [2022-10-20T18:51:34.949Z] Failed to parse functions.yamlincomplete explicit mapping pair; a key node is missed; or followed by a non-tabulated empty line at line 1, column 62:
     ... rom function source: SyntaxError: Cannot use import statement ou ... 
                                         ^ {"name":"YAMLException","reason":"incomplete explicit mapping pair; a key node is missed; or followed by a non-tabulated empty line","mark":{"name":null,"buffer":"Failed to generate manifest from function source: SyntaxError: Cannot use import statement outside a module\n\u0000","position":61,"line":0,"column":61},"message":"incomplete explicit mapping pair; a key node is missed; or followed by a non-tabulated empty line at line 1, column 62:\n     ... rom function source: SyntaxError: Cannot use import statement ou ... \n                                         ^"}
[debug] [2022-10-20T18:51:34.950Z] shutdown requested via /__/quitquitquit

[error] ⬢  functions: Failed to load function definition from source: FirebaseError: Failed to load function definition from source: Failed to generate manifest from function source: SyntaxError: Cannot use import statement outside a module {"metadata":{"emulator":{"name":"functions"},"message":"Failed to load function definition from source: FirebaseError: Failed to load function definition from source: Failed to generate manifest from function source: SyntaxError: Cannot use import statement outside a module"}}
[debug] [2022-10-20T18:52:08.853Z] File /Users/corwinhiatt/bocacode/express/mongodb-deploy/functions/package.json changed, reloading triggers {"metadata":{"emulator":{"name":"functions"},"message":"File /Users/corwinhiatt/bocacode/express/mongodb-deploy/functions/package.json changed, reloading triggers"}}
[debug] [2022-10-20T18:52:09.856Z] Validating nodejs source
[warn] ⚠  functions: package.json indicates an outdated version of firebase-functions. Please upgrade using npm install --save firebase-functions@latest in your functions directory. 
[warn] ⚠  functions: Please note that there will be breaking changes when you upgrade. 
[debug] [2022-10-20T18:52:10.570Z] > [functions] package.json contents: {
  "name": "functions",
  "description": "Cloud Functions for Firebase",
  "type": "module",
  "scripts": {
    "serve": "firebase emulators:start --only functions",
    "shell": "firebase functions:shell",
    "start": "npm run shell",
    "deploy": "firebase deploy",
    "logs": "firebase functions:log",
    "emulators": "firebase emulators"
  },
  "engines": {
    "node": "16"
  },
  "main": "index.js",
  "dependencies": {
    "cors": "^2.8.5",
    "express": "^4.18.2",
    "firebase-admin": "^10.0.2",
    "firebase-functions": "^3.18.0",
    "mongodb": "^4.11.0"
  },
  "devDependencies": {
    "firebase-functions-test": "^0.2.0"
  },
  "private": true
}
[debug] [2022-10-20T18:52:10.570Z] Building nodejs source
[debug] [2022-10-20T18:52:10.570Z] Analyzing nodejs backend spec
[debug] [2022-10-20T18:52:10.571Z] Could not find functions.yaml. Must use http discovery
[debug] [2022-10-20T18:52:10.666Z] Serving at port 9005

[debug] [2022-10-20T18:52:10.711Z] Got response from /__/functions.yaml {"endpoints":{"api":{"platform":"gcfv1","httpsTrigger":{},"entryPoint":"api"}},"specVersion":"v1alpha1","requiredAPIs":[]}
[debug] [2022-10-20T18:52:10.714Z] shutdown requested via /__/quitquitquit

[info] ✔  functions: Loaded functions definitions from source: api. {"metadata":{"emulator":{"name":"functions"},"message":"Loaded functions definitions from source: api."}}
[info] ✔  functions[us-central1-api]: http function initialized (http://127.0.0.1:5001/mongodb-deploy1/us-central1/api). {"metadata":{"emulator":{"name":"functions"},"message":"\u001b[1mhttp\u001b[22m function initialized (http://127.0.0.1:5001/mongodb-deploy1/us-central1/api)."}}
[info] [hosting] Rewriting /furniture to http://127.0.0.1:5001/mongodb-deploy1/us-central1/api for local Function us-central1/api
[debug] [2022-10-20T18:52:13.346Z] >>> [apiv2][query] GET http://127.0.0.1:5001/mongodb-deploy1/us-central1/api/furniture 
[debug] [2022-10-20T18:52:13.348Z] [work-queue] {"queueLength":1,"workRunningCount":0}
[debug] [2022-10-20T18:52:13.349Z] [work-queue] {"queueLength":0,"workRunningCount":1}
[debug] [2022-10-20T18:52:13.349Z] Accepted request GET /mongodb-deploy1/us-central1/api/furniture --> us-central1-api
[debug] [2022-10-20T18:52:13.350Z] [functions] Runtime ready! Sending request! {"metadata":{"emulator":{"name":"functions"},"message":"[functions] Runtime ready! Sending request!"}}
[debug] [2022-10-20T18:52:13.350Z] [functions] Got req.url=/mongodb-deploy1/us-central1/api/furniture, mapping to path=/furniture {"metadata":{"emulator":{"name":"functions"},"message":"[functions] Got req.url=/mongodb-deploy1/us-central1/api/furniture, mapping to path=/furniture"}}
[debug] [2022-10-20T18:52:13.363Z] [worker-pool] addWorker(us-central1-api) {"metadata":{"emulator":{"name":"functions"},"message":"[worker-pool] addWorker(us-central1-api)"}}
[debug] [2022-10-20T18:52:13.364Z] [worker-pool] Adding worker with key us-central1-api, total=1 {"metadata":{"emulator":{"name":"functions"},"message":"[worker-pool] Adding worker with key us-central1-api, total=1"}}
[debug] [2022-10-20T18:52:13.921Z] [runtime-status] [23534] Resolved module firebase-admin {"declared":true,"installed":true,"version":"10.3.0","resolution":"/Users/corwinhiatt/bocacode/express/mongodb-deploy/functions/node_modules/firebase-admin/lib/index.js"} {"metadata":{"emulator":{"name":"functions"},"function":{"name":"us-central1-api"},"extension":{},"message":"[runtime-status] [23534] Resolved module firebase-admin {\"declared\":true,\"installed\":true,\"version\":\"10.3.0\",\"resolution\":\"/Users/corwinhiatt/bocacode/express/mongodb-deploy/functions/node_modules/firebase-admin/lib/index.js\"}"}}
[debug] [2022-10-20T18:52:13.921Z] [runtime-status] [23534] Resolved module firebase-functions {"declared":true,"installed":true,"version":"3.24.1","resolution":"/Users/corwinhiatt/bocacode/express/mongodb-deploy/functions/node_modules/firebase-functions/lib/index.js"} {"metadata":{"emulator":{"name":"functions"},"function":{"name":"us-central1-api"},"extension":{},"message":"[runtime-status] [23534] Resolved module firebase-functions {\"declared\":true,\"installed\":true,\"version\":\"3.24.1\",\"resolution\":\"/Users/corwinhiatt/bocacode/express/mongodb-deploy/functions/node_modules/firebase-functions/lib/index.js\"}"}}
[debug] [2022-10-20T18:52:13.921Z] [runtime-status] [23534] Outgoing network have been stubbed. [{"name":"http","status":"mocked"},{"name":"http","status":"mocked"},{"name":"https","status":"mocked"},{"name":"https","status":"mocked"},{"name":"net","status":"mocked"}] {"metadata":{"emulator":{"name":"functions"},"function":{"name":"us-central1-api"},"extension":{},"message":"[runtime-status] [23534] Outgoing network have been stubbed. [{\"name\":\"http\",\"status\":\"mocked\"},{\"name\":\"http\",\"status\":\"mocked\"},{\"name\":\"https\",\"status\":\"mocked\"},{\"name\":\"https\",\"status\":\"mocked\"},{\"name\":\"net\",\"status\":\"mocked\"}]"}}
[debug] [2022-10-20T18:52:13.922Z] [runtime-status] [23534] Resolved module firebase-functions {"declared":true,"installed":true,"version":"3.24.1","resolution":"/Users/corwinhiatt/bocacode/express/mongodb-deploy/functions/node_modules/firebase-functions/lib/index.js"} {"metadata":{"emulator":{"name":"functions"},"function":{"name":"us-central1-api"},"extension":{},"message":"[runtime-status] [23534] Resolved module firebase-functions {\"declared\":true,\"installed\":true,\"version\":\"3.24.1\",\"resolution\":\"/Users/corwinhiatt/bocacode/express/mongodb-deploy/functions/node_modules/firebase-functions/lib/index.js\"}"}}
[debug] [2022-10-20T18:52:13.936Z] [runtime-status] [23534] Checked functions.config() {"config":{}} {"metadata":{"emulator":{"name":"functions"},"function":{"name":"us-central1-api"},"extension":{},"message":"[runtime-status] [23534] Checked functions.config() {\"config\":{}}"}}
[debug] [2022-10-20T18:52:13.936Z] [runtime-status] [23534] firebase-functions has been stubbed. {"functionsResolution":{"declared":true,"installed":true,"version":"3.24.1","resolution":"/Users/corwinhiatt/bocacode/express/mongodb-deploy/functions/node_modules/firebase-functions/lib/index.js"}} {"metadata":{"emulator":{"name":"functions"},"function":{"name":"us-central1-api"},"extension":{},"message":"[runtime-status] [23534] firebase-functions has been stubbed. {\"functionsResolution\":{\"declared\":true,\"installed\":true,\"version\":\"3.24.1\",\"resolution\":\"/Users/corwinhiatt/bocacode/express/mongodb-deploy/functions/node_modules/firebase-functions/lib/index.js\"}}"}}
[debug] [2022-10-20T18:52:13.936Z] [runtime-status] [23534] Resolved module firebase-functions {"declared":true,"installed":true,"version":"3.24.1","resolution":"/Users/corwinhiatt/bocacode/express/mongodb-deploy/functions/node_modules/firebase-functions/lib/index.js"} {"metadata":{"emulator":{"name":"functions"},"function":{"name":"us-central1-api"},"extension":{},"message":"[runtime-status] [23534] Resolved module firebase-functions {\"declared\":true,\"installed\":true,\"version\":\"3.24.1\",\"resolution\":\"/Users/corwinhiatt/bocacode/express/mongodb-deploy/functions/node_modules/firebase-functions/lib/index.js\"}"}}
[debug] [2022-10-20T18:52:13.936Z] [runtime-status] [23534] Resolved module firebase-admin {"declared":true,"installed":true,"version":"10.3.0","resolution":"/Users/corwinhiatt/bocacode/express/mongodb-deploy/functions/node_modules/firebase-admin/lib/index.js"} {"metadata":{"emulator":{"name":"functions"},"function":{"name":"us-central1-api"},"extension":{},"message":"[runtime-status] [23534] Resolved module firebase-admin {\"declared\":true,\"installed\":true,\"version\":\"10.3.0\",\"resolution\":\"/Users/corwinhiatt/bocacode/express/mongodb-deploy/functions/node_modules/firebase-admin/lib/index.js\"}"}}
[debug] [2022-10-20T18:52:13.936Z] [runtime-status] [23534] Resolved module firebase-functions {"declared":true,"installed":true,"version":"3.24.1","resolution":"/Users/corwinhiatt/bocacode/express/mongodb-deploy/functions/node_modules/firebase-functions/lib/index.js"} {"metadata":{"emulator":{"name":"functions"},"function":{"name":"us-central1-api"},"extension":{},"message":"[runtime-status] [23534] Resolved module firebase-functions {\"declared\":true,\"installed\":true,\"version\":\"3.24.1\",\"resolution\":\"/Users/corwinhiatt/bocacode/express/mongodb-deploy/functions/node_modules/firebase-functions/lib/index.js\"}"}}
[debug] [2022-10-20T18:52:13.936Z] [runtime-status] [23534] firebase-admin has been stubbed. {"adminResolution":{"declared":true,"installed":true,"version":"10.3.0","resolution":"/Users/corwinhiatt/bocacode/express/mongodb-deploy/functions/node_modules/firebase-admin/lib/index.js"}} {"metadata":{"emulator":{"name":"functions"},"function":{"name":"us-central1-api"},"extension":{},"message":"[runtime-status] [23534] firebase-admin has been stubbed. {\"adminResolution\":{\"declared\":true,\"installed\":true,\"version\":\"10.3.0\",\"resolution\":\"/Users/corwinhiatt/bocacode/express/mongodb-deploy/functions/node_modules/firebase-admin/lib/index.js\"}}"}}
[debug] [2022-10-20T18:52:13.980Z] [runtime-status] [23534] Functions runtime initialized. {"cwd":"/Users/corwinhiatt/bocacode/express/mongodb-deploy/functions","node_version":"16.17.1"} {"metadata":{"emulator":{"name":"functions"},"function":{"name":"us-central1-api"},"extension":{},"message":"[runtime-status] [23534] Functions runtime initialized. {\"cwd\":\"/Users/corwinhiatt/bocacode/express/mongodb-deploy/functions\",\"node_version\":\"16.17.1\"}"}}
[debug] [2022-10-20T18:52:13.980Z] [runtime-status] [23534] Listening to port: /var/folders/sq/g4p573_s2mngllp5yfmx8nzr0000gn/T/fire_emu_bce91207c7460447.sock {"metadata":{"emulator":{"name":"functions"},"function":{"name":"us-central1-api"},"extension":{},"message":"[runtime-status] [23534] Listening to port: /var/folders/sq/g4p573_s2mngllp5yfmx8nzr0000gn/T/fire_emu_bce91207c7460447.sock"}}
[debug] [2022-10-20T18:52:14.081Z] [worker-pool] submitRequest(triggerId=us-central1-api) {"metadata":{"emulator":{"name":"functions"},"message":"[worker-pool] submitRequest(triggerId=us-central1-api)"}}
[debug] [2022-10-20T18:52:14.081Z] [worker-us-central1-api-44cd4a94-683c-4b40-8497-683d00ede05f]: BUSY {"metadata":{"emulator":{"name":"functions"},"message":"[worker-us-central1-api-44cd4a94-683c-4b40-8497-683d00ede05f]: BUSY"}}
[info] i  functions: Beginning execution of "api" {"metadata":{"emulator":{"name":"functions"},"function":{"name":"us-central1-api"},"extension":{},"message":"Beginning execution of \"api\""}}
[debug] [2022-10-20T18:52:14.085Z] [worker-us-central1-api-44cd4a94-683c-4b40-8497-683d00ede05f]: IDLE {"metadata":{"emulator":{"name":"functions"},"message":"[worker-us-central1-api-44cd4a94-683c-4b40-8497-683d00ede05f]: IDLE"}}
[debug] [2022-10-20T18:52:14.085Z] [work-queue] {"queueLength":0,"workRunningCount":0}
[info] i  functions: Finished "api" in 1.939042ms {"metadata":{"emulator":{"name":"functions"},"function":{"name":"us-central1-api"},"extension":{},"message":"Finished \"api\" in 1.939042ms"}}
[debug] [2022-10-20T18:52:14.087Z] <<< [apiv2][status] GET http://127.0.0.1:5001/mongodb-deploy1/us-central1/api/furniture 404
[debug] [2022-10-20T18:52:14.087Z] <<< [apiv2][body] GET http://127.0.0.1:5001/mongodb-deploy1/us-central1/api/furniture [stream]
[info] i  hosting: 127.0.0.1 - - [20/Oct/2022:18:52:14 +0000] "GET /furniture HTTP/1.1" 404 148 "-" "Mozilla/5.0 (Macintosh; Intel Mac OS X 10_15_7) AppleWebKit/537.36 (KHTML, like Gecko) Chrome/106.0.0.0 Safari/537.36" {"metadata":{"emulator":{"name":"hosting"},"message":"127.0.0.1 - - [20/Oct/2022:18:52:14 +0000] \"GET /furniture HTTP/1.1\" 404 148 \"-\" \"Mozilla/5.0 (Macintosh; Intel Mac OS X 10_15_7) AppleWebKit/537.36 (KHTML, like Gecko) Chrome/106.0.0.0 Safari/537.36\""}}
[info] [hosting] Rewriting /test to http://127.0.0.1:5001/mongodb-deploy1/us-central1/api for local Function us-central1/api
[debug] [2022-10-20T18:52:16.940Z] >>> [apiv2][query] GET http://127.0.0.1:5001/mongodb-deploy1/us-central1/api/test 
[debug] [2022-10-20T18:52:16.942Z] [work-queue] {"queueLength":1,"workRunningCount":0}
[debug] [2022-10-20T18:52:16.942Z] [work-queue] {"queueLength":0,"workRunningCount":1}
[debug] [2022-10-20T18:52:16.942Z] Accepted request GET /mongodb-deploy1/us-central1/api/test --> us-central1-api
[debug] [2022-10-20T18:52:16.942Z] [functions] Runtime ready! Sending request! {"metadata":{"emulator":{"name":"functions"},"message":"[functions] Runtime ready! Sending request!"}}
[debug] [2022-10-20T18:52:16.943Z] [functions] Got req.url=/mongodb-deploy1/us-central1/api/test, mapping to path=/test {"metadata":{"emulator":{"name":"functions"},"message":"[functions] Got req.url=/mongodb-deploy1/us-central1/api/test, mapping to path=/test"}}
[debug] [2022-10-20T18:52:16.943Z] [worker-pool] submitRequest(triggerId=us-central1-api) {"metadata":{"emulator":{"name":"functions"},"message":"[worker-pool] submitRequest(triggerId=us-central1-api)"}}
[debug] [2022-10-20T18:52:16.943Z] [worker-us-central1-api-44cd4a94-683c-4b40-8497-683d00ede05f]: BUSY {"metadata":{"emulator":{"name":"functions"},"message":"[worker-us-central1-api-44cd4a94-683c-4b40-8497-683d00ede05f]: BUSY"}}
[info] i  functions: Beginning execution of "api" {"metadata":{"emulator":{"name":"functions"},"function":{"name":"us-central1-api"},"extension":{},"message":"Beginning execution of \"api\""}}
[debug] [2022-10-20T18:52:16.948Z] [worker-us-central1-api-44cd4a94-683c-4b40-8497-683d00ede05f]: IDLE {"metadata":{"emulator":{"name":"functions"},"message":"[worker-us-central1-api-44cd4a94-683c-4b40-8497-683d00ede05f]: IDLE"}}
[debug] [2022-10-20T18:52:16.948Z] [work-queue] {"queueLength":0,"workRunningCount":0}
[info] i  functions: Finished "api" in 2.898875ms {"metadata":{"emulator":{"name":"functions"},"function":{"name":"us-central1-api"},"extension":{},"message":"Finished \"api\" in 2.898875ms"}}
[debug] [2022-10-20T18:52:16.949Z] <<< [apiv2][status] GET http://127.0.0.1:5001/mongodb-deploy1/us-central1/api/test 200
[debug] [2022-10-20T18:52:16.949Z] <<< [apiv2][body] GET http://127.0.0.1:5001/mongodb-deploy1/us-central1/api/test [stream]
[info] i  hosting: 127.0.0.1 - - [20/Oct/2022:18:52:16 +0000] "GET /test HTTP/1.1" 200 5 "-" "Mozilla/5.0 (Macintosh; Intel Mac OS X 10_15_7) AppleWebKit/537.36 (KHTML, like Gecko) Chrome/106.0.0.0 Safari/537.36" {"metadata":{"emulator":{"name":"hosting"},"message":"127.0.0.1 - - [20/Oct/2022:18:52:16 +0000] \"GET /test HTTP/1.1\" 200 5 \"-\" \"Mozilla/5.0 (Macintosh; Intel Mac OS X 10_15_7) AppleWebKit/537.36 (KHTML, like Gecko) Chrome/106.0.0.0 Safari/537.36\""}}
[debug] [2022-10-20T18:52:29.679Z] File /Users/corwinhiatt/bocacode/express/mongodb-deploy/functions/index.js changed, reloading triggers {"metadata":{"emulator":{"name":"functions"},"message":"File /Users/corwinhiatt/bocacode/express/mongodb-deploy/functions/index.js changed, reloading triggers"}}
[debug] [2022-10-20T18:52:30.682Z] Validating nodejs source
[warn] ⚠  functions: package.json indicates an outdated version of firebase-functions. Please upgrade using npm install --save firebase-functions@latest in your functions directory. 
[warn] ⚠  functions: Please note that there will be breaking changes when you upgrade. 
[debug] [2022-10-20T18:52:31.443Z] > [functions] package.json contents: {
  "name": "functions",
  "description": "Cloud Functions for Firebase",
  "type": "module",
  "scripts": {
    "serve": "firebase emulators:start --only functions",
    "shell": "firebase functions:shell",
    "start": "npm run shell",
    "deploy": "firebase deploy",
    "logs": "firebase functions:log",
    "emulators": "firebase emulators"
  },
  "engines": {
    "node": "16"
  },
  "main": "index.js",
  "dependencies": {
    "cors": "^2.8.5",
    "express": "^4.18.2",
    "firebase-admin": "^10.0.2",
    "firebase-functions": "^3.18.0",
    "mongodb": "^4.11.0"
  },
  "devDependencies": {
    "firebase-functions-test": "^0.2.0"
  },
  "private": true
}
[debug] [2022-10-20T18:52:31.443Z] Building nodejs source
[debug] [2022-10-20T18:52:31.443Z] Analyzing nodejs backend spec
[debug] [2022-10-20T18:52:31.443Z] Could not find functions.yaml. Must use http discovery
[debug] [2022-10-20T18:52:31.543Z] Serving at port 9005

[debug] [2022-10-20T18:52:31.849Z] Got response from /__/functions.yaml {"endpoints":{"api":{"platform":"gcfv1","httpsTrigger":{},"entryPoint":"api"}},"specVersion":"v1alpha1","requiredAPIs":[]}
[debug] [2022-10-20T18:52:31.852Z] shutdown requested via /__/quitquitquit

[info] ✔  functions: Loaded functions definitions from source: api. {"metadata":{"emulator":{"name":"functions"},"message":"Loaded functions definitions from source: api."}}
[debug] [2022-10-20T18:52:31.855Z] [worker-pool] Shutting down IDLE worker (us-central1-api) {"metadata":{"emulator":{"name":"functions"},"message":"[worker-pool] Shutting down IDLE worker (us-central1-api)"}}
[debug] [2022-10-20T18:52:31.855Z] [worker-us-central1-api-44cd4a94-683c-4b40-8497-683d00ede05f]: FINISHING {"metadata":{"emulator":{"name":"functions"},"message":"[worker-us-central1-api-44cd4a94-683c-4b40-8497-683d00ede05f]: FINISHING"}}
[debug] [2022-10-20T18:52:31.857Z] [worker-us-central1-api-44cd4a94-683c-4b40-8497-683d00ede05f]: exited {"metadata":{"emulator":{"name":"functions"},"message":"[worker-us-central1-api-44cd4a94-683c-4b40-8497-683d00ede05f]: exited"}}
[debug] [2022-10-20T18:52:31.857Z] [worker-us-central1-api-44cd4a94-683c-4b40-8497-683d00ede05f]: FINISHED {"metadata":{"emulator":{"name":"functions"},"message":"[worker-us-central1-api-44cd4a94-683c-4b40-8497-683d00ede05f]: FINISHED"}}
[info] [hosting] Rewriting /furniture to http://127.0.0.1:5001/mongodb-deploy1/us-central1/api for local Function us-central1/api
[debug] [2022-10-20T18:52:36.500Z] >>> [apiv2][query] GET http://127.0.0.1:5001/mongodb-deploy1/us-central1/api/furniture 
[debug] [2022-10-20T18:52:36.501Z] [work-queue] {"queueLength":1,"workRunningCount":0}
[debug] [2022-10-20T18:52:36.502Z] [work-queue] {"queueLength":0,"workRunningCount":1}
[debug] [2022-10-20T18:52:36.502Z] Accepted request GET /mongodb-deploy1/us-central1/api/furniture --> us-central1-api
[debug] [2022-10-20T18:52:36.503Z] [functions] Runtime ready! Sending request! {"metadata":{"emulator":{"name":"functions"},"message":"[functions] Runtime ready! Sending request!"}}
[debug] [2022-10-20T18:52:36.503Z] [functions] Got req.url=/mongodb-deploy1/us-central1/api/furniture, mapping to path=/furniture {"metadata":{"emulator":{"name":"functions"},"message":"[functions] Got req.url=/mongodb-deploy1/us-central1/api/furniture, mapping to path=/furniture"}}
[debug] [2022-10-20T18:52:36.503Z] [worker-pool] Cleaned up workers for us-central1-api: 1 --> 0 {"metadata":{"emulator":{"name":"functions"},"message":"[worker-pool] Cleaned up workers for us-central1-api: 1 --> 0"}}
[debug] [2022-10-20T18:52:36.511Z] [worker-pool] addWorker(us-central1-api) {"metadata":{"emulator":{"name":"functions"},"message":"[worker-pool] addWorker(us-central1-api)"}}
[debug] [2022-10-20T18:52:36.512Z] [worker-pool] Adding worker with key us-central1-api, total=1 {"metadata":{"emulator":{"name":"functions"},"message":"[worker-pool] Adding worker with key us-central1-api, total=1"}}
[debug] [2022-10-20T18:52:37.014Z] [runtime-status] [23549] Resolved module firebase-admin {"declared":true,"installed":true,"version":"10.3.0","resolution":"/Users/corwinhiatt/bocacode/express/mongodb-deploy/functions/node_modules/firebase-admin/lib/index.js"} {"metadata":{"emulator":{"name":"functions"},"function":{"name":"us-central1-api"},"extension":{},"message":"[runtime-status] [23549] Resolved module firebase-admin {\"declared\":true,\"installed\":true,\"version\":\"10.3.0\",\"resolution\":\"/Users/corwinhiatt/bocacode/express/mongodb-deploy/functions/node_modules/firebase-admin/lib/index.js\"}"}}
[debug] [2022-10-20T18:52:37.014Z] [runtime-status] [23549] Resolved module firebase-functions {"declared":true,"installed":true,"version":"3.24.1","resolution":"/Users/corwinhiatt/bocacode/express/mongodb-deploy/functions/node_modules/firebase-functions/lib/index.js"} {"metadata":{"emulator":{"name":"functions"},"function":{"name":"us-central1-api"},"extension":{},"message":"[runtime-status] [23549] Resolved module firebase-functions {\"declared\":true,\"installed\":true,\"version\":\"3.24.1\",\"resolution\":\"/Users/corwinhiatt/bocacode/express/mongodb-deploy/functions/node_modules/firebase-functions/lib/index.js\"}"}}
[debug] [2022-10-20T18:52:37.014Z] [runtime-status] [23549] Outgoing network have been stubbed. [{"name":"http","status":"mocked"},{"name":"http","status":"mocked"},{"name":"https","status":"mocked"},{"name":"https","status":"mocked"},{"name":"net","status":"mocked"}] {"metadata":{"emulator":{"name":"functions"},"function":{"name":"us-central1-api"},"extension":{},"message":"[runtime-status] [23549] Outgoing network have been stubbed. [{\"name\":\"http\",\"status\":\"mocked\"},{\"name\":\"http\",\"status\":\"mocked\"},{\"name\":\"https\",\"status\":\"mocked\"},{\"name\":\"https\",\"status\":\"mocked\"},{\"name\":\"net\",\"status\":\"mocked\"}]"}}
[debug] [2022-10-20T18:52:37.014Z] [runtime-status] [23549] Resolved module firebase-functions {"declared":true,"installed":true,"version":"3.24.1","resolution":"/Users/corwinhiatt/bocacode/express/mongodb-deploy/functions/node_modules/firebase-functions/lib/index.js"} {"metadata":{"emulator":{"name":"functions"},"function":{"name":"us-central1-api"},"extension":{},"message":"[runtime-status] [23549] Resolved module firebase-functions {\"declared\":true,\"installed\":true,\"version\":\"3.24.1\",\"resolution\":\"/Users/corwinhiatt/bocacode/express/mongodb-deploy/functions/node_modules/firebase-functions/lib/index.js\"}"}}
[debug] [2022-10-20T18:52:37.034Z] [runtime-status] [23549] Checked functions.config() {"config":{}} {"metadata":{"emulator":{"name":"functions"},"function":{"name":"us-central1-api"},"extension":{},"message":"[runtime-status] [23549] Checked functions.config() {\"config\":{}}"}}
[debug] [2022-10-20T18:52:37.034Z] [runtime-status] [23549] firebase-functions has been stubbed. {"functionsResolution":{"declared":true,"installed":true,"version":"3.24.1","resolution":"/Users/corwinhiatt/bocacode/express/mongodb-deploy/functions/node_modules/firebase-functions/lib/index.js"}} {"metadata":{"emulator":{"name":"functions"},"function":{"name":"us-central1-api"},"extension":{},"message":"[runtime-status] [23549] firebase-functions has been stubbed. {\"functionsResolution\":{\"declared\":true,\"installed\":true,\"version\":\"3.24.1\",\"resolution\":\"/Users/corwinhiatt/bocacode/express/mongodb-deploy/functions/node_modules/firebase-functions/lib/index.js\"}}"}}
[debug] [2022-10-20T18:52:37.035Z] [runtime-status] [23549] Resolved module firebase-functions {"declared":true,"installed":true,"version":"3.24.1","resolution":"/Users/corwinhiatt/bocacode/express/mongodb-deploy/functions/node_modules/firebase-functions/lib/index.js"} {"metadata":{"emulator":{"name":"functions"},"function":{"name":"us-central1-api"},"extension":{},"message":"[runtime-status] [23549] Resolved module firebase-functions {\"declared\":true,\"installed\":true,\"version\":\"3.24.1\",\"resolution\":\"/Users/corwinhiatt/bocacode/express/mongodb-deploy/functions/node_modules/firebase-functions/lib/index.js\"}"}}
[debug] [2022-10-20T18:52:37.036Z] [runtime-status] [23549] Resolved module firebase-admin {"declared":true,"installed":true,"version":"10.3.0","resolution":"/Users/corwinhiatt/bocacode/express/mongodb-deploy/functions/node_modules/firebase-admin/lib/index.js"} {"metadata":{"emulator":{"name":"functions"},"function":{"name":"us-central1-api"},"extension":{},"message":"[runtime-status] [23549] Resolved module firebase-admin {\"declared\":true,\"installed\":true,\"version\":\"10.3.0\",\"resolution\":\"/Users/corwinhiatt/bocacode/express/mongodb-deploy/functions/node_modules/firebase-admin/lib/index.js\"}"}}
[debug] [2022-10-20T18:52:37.036Z] [runtime-status] [23549] Resolved module firebase-functions {"declared":true,"installed":true,"version":"3.24.1","resolution":"/Users/corwinhiatt/bocacode/express/mongodb-deploy/functions/node_modules/firebase-functions/lib/index.js"} {"metadata":{"emulator":{"name":"functions"},"function":{"name":"us-central1-api"},"extension":{},"message":"[runtime-status] [23549] Resolved module firebase-functions {\"declared\":true,\"installed\":true,\"version\":\"3.24.1\",\"resolution\":\"/Users/corwinhiatt/bocacode/express/mongodb-deploy/functions/node_modules/firebase-functions/lib/index.js\"}"}}
[debug] [2022-10-20T18:52:37.036Z] [runtime-status] [23549] firebase-admin has been stubbed. {"adminResolution":{"declared":true,"installed":true,"version":"10.3.0","resolution":"/Users/corwinhiatt/bocacode/express/mongodb-deploy/functions/node_modules/firebase-admin/lib/index.js"}} {"metadata":{"emulator":{"name":"functions"},"function":{"name":"us-central1-api"},"extension":{},"message":"[runtime-status] [23549] firebase-admin has been stubbed. {\"adminResolution\":{\"declared\":true,\"installed\":true,\"version\":\"10.3.0\",\"resolution\":\"/Users/corwinhiatt/bocacode/express/mongodb-deploy/functions/node_modules/firebase-admin/lib/index.js\"}}"}}
[debug] [2022-10-20T18:52:37.164Z] [runtime-status] [23549] Functions runtime initialized. {"cwd":"/Users/corwinhiatt/bocacode/express/mongodb-deploy/functions","node_version":"16.17.1"} {"metadata":{"emulator":{"name":"functions"},"function":{"name":"us-central1-api"},"extension":{},"message":"[runtime-status] [23549] Functions runtime initialized. {\"cwd\":\"/Users/corwinhiatt/bocacode/express/mongodb-deploy/functions\",\"node_version\":\"16.17.1\"}"}}
[debug] [2022-10-20T18:52:37.164Z] [runtime-status] [23549] Listening to port: /var/folders/sq/g4p573_s2mngllp5yfmx8nzr0000gn/T/fire_emu_b0f8d1f40ab3bc05.sock {"metadata":{"emulator":{"name":"functions"},"function":{"name":"us-central1-api"},"extension":{},"message":"[runtime-status] [23549] Listening to port: /var/folders/sq/g4p573_s2mngllp5yfmx8nzr0000gn/T/fire_emu_b0f8d1f40ab3bc05.sock"}}
[debug] [2022-10-20T18:52:37.227Z] [worker-pool] submitRequest(triggerId=us-central1-api) {"metadata":{"emulator":{"name":"functions"},"message":"[worker-pool] submitRequest(triggerId=us-central1-api)"}}
[debug] [2022-10-20T18:52:37.227Z] [worker-us-central1-api-3eeed2be-c0ef-48be-8ffd-af0782c48afc]: BUSY {"metadata":{"emulator":{"name":"functions"},"message":"[worker-us-central1-api-3eeed2be-c0ef-48be-8ffd-af0782c48afc]: BUSY"}}
[info] i  functions: Beginning execution of "api" {"metadata":{"emulator":{"name":"functions"},"function":{"name":"us-central1-api"},"extension":{},"message":"Beginning execution of \"api\""}}
[debug] [2022-10-20T18:52:38.117Z] [worker-us-central1-api-3eeed2be-c0ef-48be-8ffd-af0782c48afc]: IDLE {"metadata":{"emulator":{"name":"functions"},"message":"[worker-us-central1-api-3eeed2be-c0ef-48be-8ffd-af0782c48afc]: IDLE"}}
[debug] [2022-10-20T18:52:38.118Z] [work-queue] {"queueLength":0,"workRunningCount":0}
[info] i  functions: Finished "api" in 885.177917ms {"metadata":{"emulator":{"name":"functions"},"function":{"name":"us-central1-api"},"extension":{},"message":"Finished \"api\" in 885.177917ms"}}
[debug] [2022-10-20T18:52:38.119Z] <<< [apiv2][status] GET http://127.0.0.1:5001/mongodb-deploy1/us-central1/api/furniture 200
[debug] [2022-10-20T18:52:38.119Z] <<< [apiv2][body] GET http://127.0.0.1:5001/mongodb-deploy1/us-central1/api/furniture [stream]
[info] i  hosting: 127.0.0.1 - - [20/Oct/2022:18:52:38 +0000] "GET /furniture HTTP/1.1" 200 180 "-" "Mozilla/5.0 (Macintosh; Intel Mac OS X 10_15_7) AppleWebKit/537.36 (KHTML, like Gecko) Chrome/106.0.0.0 Safari/537.36" {"metadata":{"emulator":{"name":"hosting"},"message":"127.0.0.1 - - [20/Oct/2022:18:52:38 +0000] \"GET /furniture HTTP/1.1\" 200 180 \"-\" \"Mozilla/5.0 (Macintosh; Intel Mac OS X 10_15_7) AppleWebKit/537.36 (KHTML, like Gecko) Chrome/106.0.0.0 Safari/537.36\""}}
